\BOOKMARK [1][-]{section.1}{Abstract}{}% 1
\BOOKMARK [1][-]{section.2}{Limitations}{}% 2
\BOOKMARK [1][-]{section.3}{Introduction}{}% 3
\BOOKMARK [1][-]{section.4}{String Matching}{}% 4
\BOOKMARK [2][-]{subsection.4.1}{Suffix trees}{section.4}% 5
\BOOKMARK [2][-]{subsection.4.2}{Suffix Trees To Suffix Arrays In Linear Time}{section.4}% 6
\BOOKMARK [2][-]{subsection.4.3}{Suffix Arrays}{section.4}% 7
\BOOKMARK [2][-]{subsection.4.4}{SAIS - Suffix Array Induced Sorting Algorithm}{section.4}% 8
\BOOKMARK [2][-]{subsection.4.5}{Binary Search}{section.4}% 9
\BOOKMARK [2][-]{subsection.4.6}{Longest Common Prefix - LCP}{section.4}% 10
\BOOKMARK [2][-]{subsection.4.7}{Burrows-Wheeler Transform}{section.4}% 11
\BOOKMARK [2][-]{subsection.4.8}{Application}{section.4}% 12
\BOOKMARK [2][-]{subsection.4.9}{SAIS-FLS - Space requirement reduction for fixed length strings}{section.4}% 13
\BOOKMARK [2][-]{subsection.4.10}{Suffix Array Construction Algorithm \(SACA\) comparison}{section.4}% 14
\BOOKMARK [1][-]{section.5}{Malware - Malicious Software}{}% 15
\BOOKMARK [2][-]{subsection.5.1}{Malware naming and classes}{section.5}% 16
\BOOKMARK [2][-]{subsection.5.2}{Current threat}{section.5}% 17
\BOOKMARK [2][-]{subsection.5.3}{Detection techniques}{section.5}% 18
\BOOKMARK [2][-]{subsection.5.4}{Anomaly-based detection}{section.5}% 19
\BOOKMARK [2][-]{subsection.5.5}{Signature-based detection}{section.5}% 20
\BOOKMARK [1][-]{section.6}{Implementation - Intrusion Detection}{}% 21
\BOOKMARK [2][-]{subsection.6.1}{Data structure - Fixed Length Distinct Strings}{section.6}% 22
\BOOKMARK [2][-]{subsection.6.2}{Malware Detecting Scanner}{section.6}% 23
\BOOKMARK [2][-]{subsection.6.3}{Malware Detection Service}{section.6}% 24
\BOOKMARK [2][-]{subsection.6.4}{Platform and implementation language}{section.6}% 25
\BOOKMARK [1][-]{section.7}{Experimental Results}{}% 26
\BOOKMARK [1][-]{section.8}{Discussion}{}% 27
\BOOKMARK [1][-]{section.9}{Future work}{}% 28
\BOOKMARK [1][-]{section.10}{Conclusion}{}% 29
\BOOKMARK [1][-]{section.11}{Appendix}{}% 30
\BOOKMARK [1][-]{appendix.A}{SAIS Algorithm run}{}% 31
\BOOKMARK [1][-]{appendix.B}{SAIS Recurssive step}{}% 32
\BOOKMARK [1][-]{appendix.C}{Reversing a compressed string using bwt\(S\)}{}% 33
